<?xml version="1.0" encoding="UTF-8"?>
<coverage generated="1619212969907" clover="3.2.0">
  <project timestamp="1619212969908" name="All files">
    <metrics statements="26" coveredstatements="26" conditionals="19" coveredconditionals="19" methods="4" coveredmethods="4" elements="49" coveredelements="49" complexity="0" loc="26" ncloc="26" packages="1" files="1" classes="1"/>
    <file name="indexfortesting.js" path="C:\Users\greyc\OneDrive\Desktop\New folder\CryptoTradingBot\testing\indexfortesting.js">
      <metrics statements="26" coveredstatements="26" conditionals="19" coveredconditionals="19" methods="4" coveredmethods="4"/>
      <line num="4" count="1" type="stmt"/>
      <line num="5" count="1" type="stmt"/>
      <line num="6" count="1" type="stmt"/>
      <line num="9" count="1" type="stmt"/>
      <line num="10" count="1" type="stmt"/>
      <line num="11" count="1" type="stmt"/>
      <line num="21" count="12" type="cond" truecount="2" falsecount="0"/>
      <line num="22" count="7" type="stmt"/>
      <line num="25" count="5" type="stmt"/>
      <line num="36" count="9" type="cond" truecount="2" falsecount="0"/>
      <line num="37" count="4" type="stmt"/>
      <line num="39" count="5" type="stmt"/>
      <line num="57" count="13" type="cond" truecount="7" falsecount="0"/>
      <line num="58" count="4" type="stmt"/>
      <line num="61" count="9" type="stmt"/>
      <line num="62" count="9" type="cond" truecount="4" falsecount="0"/>
      <line num="63" count="3" type="stmt"/>
      <line num="64" count="3" type="stmt"/>
      <line num="65" count="3" type="stmt"/>
      <line num="67" count="6" type="stmt"/>
      <line num="80" count="9" type="cond" truecount="2" falsecount="0"/>
      <line num="82" count="4" type="cond" truecount="2" falsecount="0"/>
      <line num="83" count="3" type="stmt"/>
      <line num="85" count="1" type="stmt"/>
      <line num="88" count="5" type="stmt"/>
      <line num="93" count="1" type="stmt"/>
    </file>
  </project>
</coverage>
