{"C:\\Users\\greyc\\OneDrive\\Desktop\\New folder\\CryptoTradingBot\\testing\\indexfortesting.js": {"path":"C:\\Users\\greyc\\OneDrive\\Desktop\\New folder\\CryptoTradingBot\\testing\\indexfortesting.js","statementMap":{"0":{"start":{"line":4,"column":12},"end":{"line":4,"column":67}},"1":{"start":{"line":5,"column":12},"end":{"line":5,"column":80}},"2":{"start":{"line":6,"column":12},"end":{"line":6,"column":83}},"3":{"start":{"line":9,"column":0},"end":{"line":9,"column":56}},"4":{"start":{"line":10,"column":0},"end":{"line":10,"column":56}},"5":{"start":{"line":11,"column":0},"end":{"line":11,"column":56}},"6":{"start":{"line":21,"column":4},"end":{"line":26,"column":5}},"7":{"start":{"line":22,"column":8},"end":{"line":22,"column":21}},"8":{"start":{"line":25,"column":8},"end":{"line":25,"column":20}},"9":{"start":{"line":36,"column":4},"end":{"line":40,"column":5}},"10":{"start":{"line":37,"column":8},"end":{"line":37,"column":21}},"11":{"start":{"line":39,"column":8},"end":{"line":39,"column":20}},"12":{"start":{"line":57,"column":4},"end":{"line":59,"column":5}},"13":{"start":{"line":58,"column":8},"end":{"line":58,"column":21}},"14":{"start":{"line":61,"column":15},"end":{"line":61,"column":72}},"15":{"start":{"line":62,"column":4},"end":{"line":68,"column":5}},"16":{"start":{"line":63,"column":27},"end":{"line":63,"column":47}},"17":{"start":{"line":64,"column":8},"end":{"line":64,"column":50}},"18":{"start":{"line":65,"column":8},"end":{"line":65,"column":20}},"19":{"start":{"line":67,"column":8},"end":{"line":67,"column":21}},"20":{"start":{"line":80,"column":4},"end":{"line":89,"column":5}},"21":{"start":{"line":82,"column":8},"end":{"line":86,"column":9}},"22":{"start":{"line":83,"column":12},"end":{"line":83,"column":24}},"23":{"start":{"line":85,"column":12},"end":{"line":85,"column":25}},"24":{"start":{"line":88,"column":8},"end":{"line":88,"column":21}},"25":{"start":{"line":93,"column":0},"end":{"line":99,"column":2}}},"fnMap":{"0":{"name":"checkPass","decl":{"start":{"line":19,"column":10},"end":{"line":19,"column":19}},"loc":{"start":{"line":19,"column":47},"end":{"line":27,"column":1}},"line":19},"1":{"name":"checkDupAcount","decl":{"start":{"line":35,"column":9},"end":{"line":35,"column":23}},"loc":{"start":{"line":35,"column":34},"end":{"line":41,"column":1}},"line":35},"2":{"name":"createUser","decl":{"start":{"line":54,"column":10},"end":{"line":54,"column":20}},"loc":{"start":{"line":54,"column":74},"end":{"line":69,"column":1}},"line":54},"3":{"name":"logIn","decl":{"start":{"line":77,"column":9},"end":{"line":77,"column":14}},"loc":{"start":{"line":77,"column":42},"end":{"line":90,"column":1}},"line":77}},"branchMap":{"0":{"loc":{"start":{"line":21,"column":4},"end":{"line":26,"column":5}},"type":"if","locations":[{"start":{"line":21,"column":4},"end":{"line":26,"column":5}},{"start":{"line":21,"column":4},"end":{"line":26,"column":5}}],"line":21},"1":{"loc":{"start":{"line":36,"column":4},"end":{"line":40,"column":5}},"type":"if","locations":[{"start":{"line":36,"column":4},"end":{"line":40,"column":5}},{"start":{"line":36,"column":4},"end":{"line":40,"column":5}}],"line":36},"2":{"loc":{"start":{"line":57,"column":4},"end":{"line":59,"column":5}},"type":"if","locations":[{"start":{"line":57,"column":4},"end":{"line":59,"column":5}},{"start":{"line":57,"column":4},"end":{"line":59,"column":5}}],"line":57},"3":{"loc":{"start":{"line":57,"column":8},"end":{"line":57,"column":94}},"type":"binary-expr","locations":[{"start":{"line":57,"column":8},"end":{"line":57,"column":19}},{"start":{"line":57,"column":23},"end":{"line":57,"column":37}},{"start":{"line":57,"column":40},"end":{"line":57,"column":61}},{"start":{"line":57,"column":65},"end":{"line":57,"column":77}},{"start":{"line":57,"column":81},"end":{"line":57,"column":94}}],"line":57},"4":{"loc":{"start":{"line":62,"column":4},"end":{"line":68,"column":5}},"type":"if","locations":[{"start":{"line":62,"column":4},"end":{"line":68,"column":5}},{"start":{"line":62,"column":4},"end":{"line":68,"column":5}}],"line":62},"5":{"loc":{"start":{"line":62,"column":8},"end":{"line":62,"column":69}},"type":"binary-expr","locations":[{"start":{"line":62,"column":8},"end":{"line":62,"column":44}},{"start":{"line":62,"column":48},"end":{"line":62,"column":69}}],"line":62},"6":{"loc":{"start":{"line":80,"column":4},"end":{"line":89,"column":5}},"type":"if","locations":[{"start":{"line":80,"column":4},"end":{"line":89,"column":5}},{"start":{"line":80,"column":4},"end":{"line":89,"column":5}}],"line":80},"7":{"loc":{"start":{"line":82,"column":8},"end":{"line":86,"column":9}},"type":"if","locations":[{"start":{"line":82,"column":8},"end":{"line":86,"column":9}},{"start":{"line":82,"column":8},"end":{"line":86,"column":9}}],"line":82}},"s":{"0":1,"1":1,"2":1,"3":1,"4":1,"5":1,"6":12,"7":7,"8":5,"9":9,"10":4,"11":5,"12":13,"13":4,"14":9,"15":9,"16":3,"17":3,"18":3,"19":6,"20":9,"21":4,"22":3,"23":1,"24":5,"25":1},"f":{"0":12,"1":9,"2":13,"3":9},"b":{"0":[7,5],"1":[4,5],"2":[4,9],"3":[13,13,12,11,10],"4":[3,6],"5":[9,4],"6":[4,5],"7":[3,1]},"_coverageSchema":"1a1c01bbd47fc00a2c39e90264f33305004495a9","hash":"cbe8785122462df0646c7b17ecae1708e31e4c93"}
}
