TN:
SF:testing\indexfortesting.js
FN:19,checkPass
FN:35,checkDupAcount
FN:54,createUser
FN:77,logIn
FNF:4
FNH:4
FNDA:12,checkPass
FNDA:9,checkDupAcount
FNDA:13,createUser
FNDA:9,logIn
DA:4,1
DA:5,1
DA:6,1
DA:9,1
DA:10,1
DA:11,1
DA:21,12
DA:22,7
DA:25,5
DA:36,9
DA:37,4
DA:39,5
DA:57,13
DA:58,4
DA:61,9
DA:62,9
DA:63,3
DA:64,3
DA:65,3
DA:67,6
DA:80,9
DA:82,4
DA:83,3
DA:85,1
DA:88,5
DA:93,1
LF:26
LH:26
BRDA:21,0,0,7
BRDA:21,0,1,5
BRDA:36,1,0,4
BRDA:36,1,1,5
BRDA:57,2,0,4
BRDA:57,2,1,9
BRDA:57,3,0,13
BRDA:57,3,1,13
BRDA:57,3,2,12
BRDA:57,3,3,11
BRDA:57,3,4,10
BRDA:62,4,0,3
BRDA:62,4,1,6
BRDA:62,5,0,9
BRDA:62,5,1,4
BRDA:80,6,0,4
BRDA:80,6,1,5
BRDA:82,7,0,3
BRDA:82,7,1,1
BRF:19
BRH:19
end_of_record
